
> healing-technology@0.1.0 build
> next build

Γû▓ Next.js 16.2.2 (Turbopack)
- Environments: .env

ΓÜá The "middleware" file convention is deprecated. Please use "proxy" instead. Learn more: https://nextjs.org/docs/messages/middleware-to-proxy
  Creating an optimized production build ...
Turbopack build encountered 1 warnings:
./next.config.ts
Encountered unexpected file in NFT list
A file was traced that indicates that the whole project was traced unintentionally. Somewhere in the import trace below, there are:
- filesystem operations (like path.join, path.resolve or fs.readFile), or
- very dynamic requires (like require('./' + foo)).
To resolve this, you can
- remove them if possible, or
- only use them in development, or
- make sure they are statically scoped to some subfolder: path.join(process.cwd(), 'data', bar), or
- add ignore comments: path.join(/*turbopackIgnore: true*/ process.cwd(), bar)

Import trace:
  App Route:
    ./next.config.ts
    ./src/app/api/seed-images/route.ts


Γ£ô Compiled successfully in 22.8s
  Running TypeScript ...
Failed to type check.

./src/app/api/seed/route.ts:30:9
Type error: Type 'string | number' is not assignable to type 'string'.
  Type 'number' is not assignable to type 'string'.

  28 |       const existing = await payload.find({ collection: 'brands', where: { slug: { equals:...
  29 |       if (existing.docs.length > 0) {
> 30 |         brandIds[b.name] = existing.docs[0].id
     |         ^
  31 |       } else {
  32 |         const created = await payload.create({ collection: 'brands', data: b })
  33 |         brandIds[b.name] = created.id
Next.js build worker exited with code: 1 and signal: null
