
> healing-technology@0.1.0 build
> next build

Γû▓ Next.js 16.2.2 (Turbopack)
- Environments: .env

ΓÜá The "middleware" file convention is deprecated. Please use "proxy" instead. Learn more: https://nextjs.org/docs/messages/middleware-to-proxy
  Creating an optimized production build ...

thread 'tokio-runtime-worker' (29532) panicked at C:\Users\Administrator\.cargo\registry\src\index.crates.io-1949cf8c6b5b557f\hyper-util-0.1.17\src\client\legacy\client.rs:564:33:
http2 feature is not enabled
note: run with `RUST_BACKTRACE=1` environment variable to display a backtrace
Turbopack build encountered 1 warnings:
./next.config.ts
Encountered unexpected file in NFT list
A file was traced that indicates that the whole project was traced unintentionally. Somewhere in the import trace below, there are:
- filesystem operations (like path.join, path.resolve or fs.readFile), or
- very dynamic requires (like require('./' + foo)).
To resolve this, you can
- remove them if possible, or
- only use them in development, or
- make sure they are statically scoped to some subfolder: path.join(process.cwd(), 'data', bar), or
- add ignore comments: path.join(/*turbopackIgnore: true*/ process.cwd(), bar)

Import trace:
  App Route:
    ./next.config.ts
    ./src/app/api/seed-images/route.ts



> Build error occurred
Error: Turbopack build failed with 1 errors:
[next]/internal/font/google/inter_fd091ad6.js:1:1
Module not found: Can't resolve '@vercel/turbopack-next/internal/font/google/cssmodule.module.css'
> 1 | ...%22:%22layout.tsx%22,%22import%22:%22Inter%22,%22arguments%22:[{%22subsets%22:[%22latin%...
    |    ^^^^^^^^^^^^^^^^^^^^^^^^^^^^^^^^^^^^^^^^^^^^^^^^^^^^^^^^^^^^^^^^^^^^^^^^^^^^^^^^^^^^^^^^^^^
  2 | ...
  3 | ...
  4 | ...

http2 feature is not enabled

Debug info:
- Execution of <ModuleAssetContext as AssetContext>::resolve_asset failed
- Execution of resolve failed
- Execution of resolve_internal failed
- Execution of NextFontGoogleCssModuleReplacer::import_map_result failed
- Execution of FetchClientConfig::fetch failed
- http2 feature is not enabled
Error while looking up import map: http2 feature is not enabled

Debug info:
- Execution of NextFontGoogleCssModuleReplacer::import_map_result failed
- Execution of FetchClientConfig::fetch failed
- http2 feature is not enabled


Import trace:
  Server Component:
    [next]/internal/font/google/inter_fd091ad6.js
    ./src/app/(frontend)/layout.tsx

https://nextjs.org/docs/messages/module-not-found


    at <unknown> ([next]/internal/font/google/inter_fd091ad6.js:1:1)
    at <unknown> (http2 feature is not enabled)
    at <unknown> (https://nextjs.org/docs/messages/module-not-found)
